<?xml version="1.0" encoding="UTF-8"?>
<!-- Generated by org.testng.reporters.JUnitReportReporter -->
<testsuite hostname="Reshmi" failures="0" tests="5" name="com.acti.testcase.LoginPageTest" time="25.060" errors="0" timestamp="2023-07-06T03:08:04 EDT" skipped="0">
  <testcase classname="com.acti.testcase.LoginPageTest" name="testPageTitle" time="3.830"/>
  <testcase classname="com.acti.testcase.LoginPageTest" name="testactiLink" time="3.776"/>
  <testcase classname="com.acti.testcase.LoginPageTest" name="testForgotPasswordLink" time="4.622"/>
  <testcase classname="com.acti.testcase.LoginPageTest" name="testLoginFunction" time="8.987"/>
  <testcase classname="com.acti.testcase.LoginPageTest" name="testLoginImage" time="3.845"/>
</testsuite> <!-- com.acti.testcase.LoginPageTest -->
