<?xml version="1.0" encoding="UTF-8"?>
<!-- Generated by org.testng.reporters.JUnitReportReporter -->
<testsuite hostname="Reshmi" failures="0" tests="1" name="com.acti.base.DriverScript" time="2.718" errors="0" timestamp="2023-07-05T20:45:19 EDT" skipped="0">
  <testcase classname="com.acti.base.DriverScript" name="initializeApp" time="2.718"/>
</testsuite> <!-- com.acti.base.DriverScript -->
